<?xml version="1.0" encoding="UTF-8"?>
<!-- Generated by org.testng.reporters.JUnitReportReporter -->
<testsuite hostname="selva" failures="0" tests="3" name="com.flipkart.stepdefinitions.LoginValidation" time="0.584" errors="0" timestamp="01 Apr 2022 16:59:38 GMT" skipped="1">
  <testcase classname="com.flipkart.stepdefinitions.LoginValidation" name="method1" time="0.223"/>
  <testcase classname="com.flipkart.stepdefinitions.LoginValidation" name="search" time="0.361"/>
  <testcase classname="com.flipkart.stepdefinitions.LoginValidation" name="login">
    <skipped/>
  </testcase> <!-- login -->
</testsuite> <!-- com.flipkart.stepdefinitions.LoginValidation -->
